
Due to MODULEPATH changes, the following have been reloaded:
  1) expat/2.2.7


Due to MODULEPATH changes, the following have been reloaded:
  1) fftw/3.3.8     2) openmpi/3.1.4     3) scalapack/2.0.2

Creating log directory: ./torchbeast-20200903-223129
Saving arguments to ./torchbeast-20200903-223129/meta.json
Saving messages to ./torchbeast-20200903-223129/out.log
Saving logs data to ./torchbeast-20200903-223129/logs.csv
Saving logs' fields to ./torchbeast-20200903-223129/fields.csv
[INFO:8370 ride:208 2020-09-03 22:31:30,036] Using CUDA.
building procgen...RUN FAILED ['cmake', '--build', '.', '--config', 'relwithdebinfo']:
[ 50%] Building CXX object CMakeFiles/env.dir/src/cpp-utils.cpp.o
[ 76%] Building CXX object CMakeFiles/env.dir/src/basic-abstract-game.cpp.o
[ 80%] Building CXX object CMakeFiles/env.dir/src/game-registry.cpp.o
[ 80%] Building CXX object CMakeFiles/env.dir/src/games/miner.cpp.o
[ 80%] Building CXX object CMakeFiles/env.dir/src/assetgen.cpp.o
[ 80%] Building CXX object CMakeFiles/env.dir/src/entity.cpp.o
[ 80%] Building CXX object CMakeFiles/env.dir/src/game.cpp.o
[ 76%] Building CXX object CMakeFiles/env.dir/src/games/dodgeball.cpp.o
[ 80%] Building CXX object CMakeFiles/env.dir/src/games/bossfight.cpp.o
[ 80%] Building CXX object CMakeFiles/env.dir/src/games/caveflyer.cpp.o
[ 80%] Building CXX object CMakeFiles/env.dir/src/games/coinrun.cpp.o
[ 80%] Building CXX object CMakeFiles/env.dir/src/games/coinrun_old.cpp.o
[ 80%] Building CXX object CMakeFiles/env.dir/src/games/climber.cpp.o
[ 80%] Building CXX object CMakeFiles/env.dir/src/games/fruitbot.cpp.o
[ 80%] Building CXX object CMakeFiles/env.dir/src/games/starpilot.cpp.o
[ 80%] Building CXX object CMakeFiles/env.dir/src/mazegen.cpp.o
[ 80%] Building CXX object CMakeFiles/env.dir/src/games/bigfish.cpp.o
[ 80%] Building CXX object CMakeFiles/env.dir/src/games/heist.cpp.o
[ 80%] Building CXX object CMakeFiles/env.dir/src/games/ninja.cpp.o
[ 80%] Building CXX object CMakeFiles/env.dir/src/games/chaser.cpp.o
[ 80%] Building CXX object CMakeFiles/env.dir/src/games/maze.cpp.o
[ 80%] Building CXX object CMakeFiles/env.dir/src/games/jumper.cpp.o
[ 80%] Building CXX object CMakeFiles/env.dir/src/games/plunder.cpp.o
[ 80%] Building CXX object CMakeFiles/env.dir/src/games/leaper.cpp.o
[ 83%] Building CXX object CMakeFiles/env.dir/src/randgen.cpp.o
[ 86%] Building CXX object CMakeFiles/env.dir/src/roomgen.cpp.o
[ 90%] Building CXX object CMakeFiles/env.dir/src/resources.cpp.o
[ 93%] Building CXX object CMakeFiles/env.dir/src/vecgame.cpp.o
[ 96%] Building CXX object CMakeFiles/env.dir/src/vecoptions.cpp.o
[100%] Linking CXX shared library libenv.so
/home/shizhec/.conda/envs/clride/bin/ld.gold: error: CMakeFiles/env.dir/src/resources.cpp.o: file is empty
collect2: error: ld returned 1 exit status
gmake[2]: *** [libenv.so] Error 1
gmake[1]: *** [CMakeFiles/env.dir/all] Error 2
gmake: *** [all] Error 2

Traceback (most recent call last):
  File "../../main.py", line 39, in <module>
    main(flags)
  File "../../main.py", line 27, in main
    train_ride(flags)
  File "/data/gpfs/projects/punim1126/CL-RIDE-master-project/src/algos/ride.py", line 216, in train
    env = create_env(flags)
  File "/data/gpfs/projects/punim1126/CL-RIDE-master-project/src/utils.py", line 80, in create_env
    use_monochrome_assets=flags.use_monochrome_assets
  File "/data/gpfs/projects/punim1126/CL-RIDE-master-project/src/procgen/procgen/env.py", line 246, in __init__
    super().__init__(num, env_name, options, **kwargs)
  File "/data/gpfs/projects/punim1126/CL-RIDE-master-project/src/procgen/procgen/env.py", line 96, in __init__
    lib_dir = build(debug=debug)
  File "/data/gpfs/projects/punim1126/CL-RIDE-master-project/src/procgen/procgen/build.py", line 135, in build
    check(run(build_cmd), verbose=package)
  File "/data/gpfs/projects/punim1126/CL-RIDE-master-project/src/procgen/procgen/build.py", line 47, in check
    raise RunFailure("failed to build procgen from source")
procgen.build.RunFailure: failed to build procgen from source
