Creating log directory: ./torchbeast-20200916-202721
Saving arguments to ./torchbeast-20200916-202721/meta.json
Saving messages to ./torchbeast-20200916-202721/out.log
Saving logs data to ./torchbeast-20200916-202721/logs.csv
Saving logs' fields to ./torchbeast-20200916-202721/fields.csv
[INFO:248625 ride:213 2020-09-16 20:27:22,691] Not using CUDA.
building procgen...done
Traceback (most recent call last):
  File "../../main.py", line 42, in <module>
    main(flags)
  File "../../main.py", line 28, in main
    train_ride(flags)
  File "/data/gpfs/projects/punim1126/CL-RIDE-master-project/src/algos/ride.py", line 216, in train
    env = create_env(flags)
  File "/data/gpfs/projects/punim1126/CL-RIDE-master-project/src/utils.py", line 80, in create_env
    use_monochrome_assets=flags.use_monochrome_assets
  File "/data/gpfs/projects/punim1126/CL-RIDE-master-project/src/procgen/procgen/env.py", line 246, in __init__
    super().__init__(num, env_name, options, **kwargs)
  File "/data/gpfs/projects/punim1126/CL-RIDE-master-project/src/procgen/procgen/env.py", line 134, in __init__
    "void set_state(libenv_env *, int, char *, int);",
  File "/home/shizhec/.local/lib/python3.7/site-packages/gym3/libenv.py", line 111, in __init__
    self._c_lib = self._ffi.dlopen(name=self._lib_path, flags=dlopen_flags)
  File "/home/shizhec/.local/lib/python3.7/site-packages/cffi/api.py", line 146, in dlopen
    lib, function_cache = _make_ffi_library(self, name, flags)
  File "/home/shizhec/.local/lib/python3.7/site-packages/cffi/api.py", line 828, in _make_ffi_library
    backendlib = _load_backend_lib(backend, libname, flags)
  File "/home/shizhec/.local/lib/python3.7/site-packages/cffi/api.py", line 824, in _load_backend_lib
    return backend.load_library(path, flags)
OSError: cannot load library '/data/gpfs/projects/punim1126/CL-RIDE-master-project/src/procgen/procgen/.build/relwithdebinfo/libenv.so': /data/gpfs/projects/punim1126/CL-RIDE-master-project/src/procgen/procgen/.build/relwithdebinfo/libenv.so: invalid ELF header
