usage: main.py [-h] [--env ENV] [--xpid XPID]
               [--num_input_frames NUM_INPUT_FRAMES] [--run_id RUN_ID]
               [--seed SEED] [--save_interval N]
               [--checkpoint_num_frames CHECKPOINT_NUM_FRAMES]
               [--disable_checkpoint] [--savedir SAVEDIR] [--num_actors N]
               [--total_frames T] [--batch_size B] [--unroll_length T]
               [--queue_timeout S] [--num_buffers N] [--num_threads N]
               [--disable_cuda] [--max_grad_norm MGN]
               [--entropy_cost ENTROPY_COST] [--baseline_cost BASELINE_COST]
               [--discounting DISCOUNTING] [--learning_rate LR]
               [--alpha ALPHA] [--momentum MOMENTUM] [--epsilon EPSILON]
               [--forward_loss_coef FORWARD_LOSS_COEF]
               [--inverse_loss_coef INVERSE_LOSS_COEF]
               [--intrinsic_reward_coef INTRINSIC_REWARD_COEF]
               [--rnd_loss_coef RND_LOSS_COEF] [--fix_seed]
               [--env_seed ENV_SEED] [--no_reward]
               [--model {vanilla,count,curiosity,rnd,ride,no-episodic-counts,only-episodic-counts,iride}]
               [--use_fullobs_policy] [--use_fullobs_intrinsic] [--game GAME]
               [--start_level START_LEVEL] [--num_levels NUM_LEVELS]
               [--distribution_mode {easy,hard,extreme,memory,exploration}]
               [--disable_background] [--restrict_themes]
               [--use_monochrome_assets]
               [--indicator_loss_coef INDICATOR_LOSS_COEF] [--discount]
               [--encoder_coef ENCODER_COEF]
main.py: error: argument --indicator_loss_coef: invalid float value: '10,'
