Found log directory: ./torchbeast-20200918-003227
Saving arguments to ./torchbeast-20200918-003227/meta.json
Path to meta file already exists. Not overriding meta.
Saving messages to ./torchbeast-20200918-003227/out.log
Path to message file already exists. New data will be appended.
Saving logs data to ./torchbeast-20200918-003227/logs.csv
Saving logs' fields to ./torchbeast-20200918-003227/fields.csv
[INFO:161818 ride:213 2020-09-18 00:32:28,488] Not using CUDA.
building procgen...done
Traceback (most recent call last):
  File "../../main.py", line 42, in <module>
    main(flags)
  File "../../main.py", line 28, in main
    train_ride(flags)
  File "/data/gpfs/projects/punim1126/CL-RIDE-master-project/src/algos/ride.py", line 216, in train
    env = create_env(flags)
  File "/data/gpfs/projects/punim1126/CL-RIDE-master-project/src/utils.py", line 80, in create_env
    use_monochrome_assets=flags.use_monochrome_assets
  File "/data/gpfs/projects/punim1126/CL-RIDE-master-project/src/procgen/procgen/env.py", line 246, in __init__
    super().__init__(num, env_name, options, **kwargs)
  File "/data/gpfs/projects/punim1126/CL-RIDE-master-project/src/procgen/procgen/env.py", line 134, in __init__
    "void set_state(libenv_env *, int, char *, int);",
  File "/home/shizhec/.local/lib/python3.7/site-packages/gym3/libenv.py", line 120, in __init__
    version = self._c_lib.libenv_version()
  File "/home/shizhec/.local/lib/python3.7/site-packages/cffi/api.py", line 908, in __getattr__
    make_accessor(name)
  File "/home/shizhec/.local/lib/python3.7/site-packages/cffi/api.py", line 904, in make_accessor
    accessors[name](name)
  File "/home/shizhec/.local/lib/python3.7/site-packages/cffi/api.py", line 834, in accessor_function
    value = backendlib.load_function(BType, name)
AttributeError: function/symbol 'libenv_version' not found in library '/data/gpfs/projects/punim1126/CL-RIDE-master-project/src/procgen/procgen/.build/relwithdebinfo/libenv.so': /data/gpfs/projects/punim1126/CL-RIDE-master-project/src/procgen/procgen/.build/relwithdebinfo/libenv.so: undefined symbol: libenv_version
