Creating log directory: ./torchbeast-20201014-121501889411-lvl200-st5000
Saving arguments to ./torchbeast-20201014-121501889411-lvl200-st5000/meta.json
Saving messages to ./torchbeast-20201014-121501889411-lvl200-st5000/out.log
Saving logs data to ./torchbeast-20201014-121501889411-lvl200-st5000/logs.csv
Saving logs' fields to ./torchbeast-20201014-121501889411-lvl200-st5000/fields.csv
[INFO:75071 torchbeast:121 2020-10-14 23:15:01,983] Not using CUDA.
building procgen...done
Traceback (most recent call last):
  File "../../../../main.py", line 53, in <module>
    main(flags)
  File "../../../../main.py", line 25, in main
    train_vanilla(flags)
  File "/data/gpfs/projects/punim1126/CL-RIDE-master-project/src/algos/torchbeast.py", line 123, in train
    env = create_env(flags)
  File "/data/gpfs/projects/punim1126/CL-RIDE-master-project/src/utils.py", line 81, in create_env
    use_sequential_levels=flags.use_sequential_levels
  File "/data/gpfs/projects/punim1126/CL-RIDE-master-project/src/procgen/procgen/env.py", line 246, in __init__
    super().__init__(num, env_name, options, **kwargs)
  File "/data/gpfs/projects/punim1126/CL-RIDE-master-project/src/procgen/procgen/env.py", line 134, in __init__
    "void set_state(libenv_env *, int, char *, int);",
  File "/home/shizhec/.local/lib/python3.7/site-packages/gym3/libenv.py", line 111, in __init__
    self._c_lib = self._ffi.dlopen(name=self._lib_path, flags=dlopen_flags)
  File "/home/shizhec/.local/lib/python3.7/site-packages/cffi/api.py", line 146, in dlopen
    lib, function_cache = _make_ffi_library(self, name, flags)
  File "/home/shizhec/.local/lib/python3.7/site-packages/cffi/api.py", line 828, in _make_ffi_library
    backendlib = _load_backend_lib(backend, libname, flags)
  File "/home/shizhec/.local/lib/python3.7/site-packages/cffi/api.py", line 824, in _load_backend_lib
    return backend.load_library(path, flags)
OSError: cannot load library '/data/gpfs/projects/punim1126/CL-RIDE-master-project/src/procgen/procgen/.build/relwithdebinfo/libenv.so': /data/gpfs/projects/punim1126/CL-RIDE-master-project/src/procgen/procgen/.build/relwithdebinfo/libenv.so: file too short
